<?xml version="1.0" encoding="UTF-8"?>
<!-- Generated by org.testng.reporters.JUnitReportReporter -->
<testsuite hostname="Anas-Mac-mini.local" failures="0" tests="1" name="testCases.TC_RF_002_LoginTest" time="0.837" errors="0" timestamp="2024-10-28T22:07:19 MYT" skipped="0">
  <testcase classname="testCases.TC_RF_002_LoginTest" name="verifyLogin" time="0.837"/>
</testsuite> <!-- testCases.TC_RF_002_LoginTest -->
